<?xml version="1.0" encoding="UTF-8"?>
<testsuite xmlns:xsi="http://www.w3.org/2001/XMLSchema-instance" xsi:noNamespaceSchemaLocation="https://maven.apache.org/surefire/maven-surefire-plugin/xsd/surefire-test-report-3.0.xsd" version="3.0" name="test.TestArticle" time="0.011" tests="0" errors="0" skipped="0" failures="0">
  <properties>
    <property name="java.specification.version" value="19"/>
    <property name="sun.cpu.isalist" value="amd64"/>
    <property name="sun.jnu.encoding" value="Cp1252"/>
    <property name="java.class.path" value="C:\AJC\modules\14- Projet -final\karim-dev\ecommerce-sport\ecommerce-core\target\test-classes;C:\AJC\modules\14- Projet -final\karim-dev\ecommerce-sport\ecommerce-core\target\classes;C:\Users\KARIM\.m2\repository\mysql\mysql-connector-java\5.1.39\mysql-connector-java-5.1.39.jar;C:\Users\KARIM\.m2\repository\org\hibernate\hibernate-core\5.3.7.Final\hibernate-core-5.3.7.Final.jar;C:\Users\KARIM\.m2\repository\org\jboss\logging\jboss-logging\3.3.2.Final\jboss-logging-3.3.2.Final.jar;C:\Users\KARIM\.m2\repository\javax\persistence\javax.persistence-api\2.2\javax.persistence-api-2.2.jar;C:\Users\KARIM\.m2\repository\org\javassist\javassist\3.23.1-GA\javassist-3.23.1-GA.jar;C:\Users\KARIM\.m2\repository\net\bytebuddy\byte-buddy\1.8.17\byte-buddy-1.8.17.jar;C:\Users\KARIM\.m2\repository\antlr\antlr\2.7.7\antlr-2.7.7.jar;C:\Users\KARIM\.m2\repository\org\jboss\spec\javax\transaction\jboss-transaction-api_1.2_spec\1.1.1.Final\jboss-transaction-api_1.2_spec-1.1.1.Final.jar;C:\Users\KARIM\.m2\repository\org\jboss\jandex\2.0.5.Final\jandex-2.0.5.Final.jar;C:\Users\KARIM\.m2\repository\com\fasterxml\classmate\1.3.4\classmate-1.3.4.jar;C:\Users\KARIM\.m2\repository\javax\activation\javax.activation-api\1.2.0\javax.activation-api-1.2.0.jar;C:\Users\KARIM\.m2\repository\org\dom4j\dom4j\2.1.1\dom4j-2.1.1.jar;C:\Users\KARIM\.m2\repository\org\hibernate\common\hibernate-commons-annotations\5.0.4.Final\hibernate-commons-annotations-5.0.4.Final.jar;C:\Users\KARIM\.m2\repository\org\springframework\spring-orm\5.1.3.RELEASE\spring-orm-5.1.3.RELEASE.jar;C:\Users\KARIM\.m2\repository\org\springframework\spring-beans\5.1.3.RELEASE\spring-beans-5.1.3.RELEASE.jar;C:\Users\KARIM\.m2\repository\org\springframework\spring-core\5.1.3.RELEASE\spring-core-5.1.3.RELEASE.jar;C:\Users\KARIM\.m2\repository\org\springframework\spring-jcl\5.1.3.RELEASE\spring-jcl-5.1.3.RELEASE.jar;C:\Users\KARIM\.m2\repository\org\springframework\spring-jdbc\5.1.3.RELEASE\spring-jdbc-5.1.3.RELEASE.jar;C:\Users\KARIM\.m2\repository\org\springframework\spring-tx\5.1.3.RELEASE\spring-tx-5.1.3.RELEASE.jar;C:\Users\KARIM\.m2\repository\org\apache\commons\commons-dbcp2\2.5.0\commons-dbcp2-2.5.0.jar;C:\Users\KARIM\.m2\repository\org\apache\commons\commons-pool2\2.6.0\commons-pool2-2.6.0.jar;C:\Users\KARIM\.m2\repository\commons-logging\commons-logging\1.2\commons-logging-1.2.jar;C:\Users\KARIM\.m2\repository\org\springframework\data\spring-data-jpa\2.1.3.RELEASE\spring-data-jpa-2.1.3.RELEASE.jar;C:\Users\KARIM\.m2\repository\org\springframework\data\spring-data-commons\2.1.3.RELEASE\spring-data-commons-2.1.3.RELEASE.jar;C:\Users\KARIM\.m2\repository\org\springframework\spring-context\5.1.3.RELEASE\spring-context-5.1.3.RELEASE.jar;C:\Users\KARIM\.m2\repository\org\springframework\spring-expression\5.1.3.RELEASE\spring-expression-5.1.3.RELEASE.jar;C:\Users\KARIM\.m2\repository\org\springframework\spring-aop\5.1.3.RELEASE\spring-aop-5.1.3.RELEASE.jar;C:\Users\KARIM\.m2\repository\org\aspectj\aspectjrt\1.9.1\aspectjrt-1.9.1.jar;C:\Users\KARIM\.m2\repository\org\slf4j\slf4j-api\1.7.25\slf4j-api-1.7.25.jar;C:\Users\KARIM\.m2\repository\com\fasterxml\jackson\core\jackson-annotations\2.15.2\jackson-annotations-2.15.2.jar;"/>
    <property name="java.vm.vendor" value="Oracle Corporation"/>
    <property name="sun.arch.data.model" value="64"/>
    <property name="user.variant" value=""/>
    <property name="java.vendor.url" value="https://java.oracle.com/"/>
    <property name="user.timezone" value="Europe/Paris"/>
    <property name="os.name" value="Windows 10"/>
    <property name="java.vm.specification.version" value="19"/>
    <property name="sun.java.launcher" value="SUN_STANDARD"/>
    <property name="user.country" value="FR"/>
    <property name="sun.boot.library.path" value="C:\Users\KARIM\.jdks\openjdk-19.0.2\bin"/>
    <property name="sun.java.command" value="C:\Users\KARIM\AppData\Local\Temp\surefire13784490143130284134\surefirebooter-20250617140955541_3.jar C:\Users\KARIM\AppData\Local\Temp\surefire13784490143130284134 2025-06-17T14-09-55_123-jvmRun1 surefire-20250617140955541_1tmp surefire_0-20250617140955541_2tmp"/>
    <property name="jdk.debug" value="release"/>
    <property name="surefire.test.class.path" value="C:\AJC\modules\14- Projet -final\karim-dev\ecommerce-sport\ecommerce-core\target\test-classes;C:\AJC\modules\14- Projet -final\karim-dev\ecommerce-sport\ecommerce-core\target\classes;C:\Users\KARIM\.m2\repository\mysql\mysql-connector-java\5.1.39\mysql-connector-java-5.1.39.jar;C:\Users\KARIM\.m2\repository\org\hibernate\hibernate-core\5.3.7.Final\hibernate-core-5.3.7.Final.jar;C:\Users\KARIM\.m2\repository\org\jboss\logging\jboss-logging\3.3.2.Final\jboss-logging-3.3.2.Final.jar;C:\Users\KARIM\.m2\repository\javax\persistence\javax.persistence-api\2.2\javax.persistence-api-2.2.jar;C:\Users\KARIM\.m2\repository\org\javassist\javassist\3.23.1-GA\javassist-3.23.1-GA.jar;C:\Users\KARIM\.m2\repository\net\bytebuddy\byte-buddy\1.8.17\byte-buddy-1.8.17.jar;C:\Users\KARIM\.m2\repository\antlr\antlr\2.7.7\antlr-2.7.7.jar;C:\Users\KARIM\.m2\repository\org\jboss\spec\javax\transaction\jboss-transaction-api_1.2_spec\1.1.1.Final\jboss-transaction-api_1.2_spec-1.1.1.Final.jar;C:\Users\KARIM\.m2\repository\org\jboss\jandex\2.0.5.Final\jandex-2.0.5.Final.jar;C:\Users\KARIM\.m2\repository\com\fasterxml\classmate\1.3.4\classmate-1.3.4.jar;C:\Users\KARIM\.m2\repository\javax\activation\javax.activation-api\1.2.0\javax.activation-api-1.2.0.jar;C:\Users\KARIM\.m2\repository\org\dom4j\dom4j\2.1.1\dom4j-2.1.1.jar;C:\Users\KARIM\.m2\repository\org\hibernate\common\hibernate-commons-annotations\5.0.4.Final\hibernate-commons-annotations-5.0.4.Final.jar;C:\Users\KARIM\.m2\repository\org\springframework\spring-orm\5.1.3.RELEASE\spring-orm-5.1.3.RELEASE.jar;C:\Users\KARIM\.m2\repository\org\springframework\spring-beans\5.1.3.RELEASE\spring-beans-5.1.3.RELEASE.jar;C:\Users\KARIM\.m2\repository\org\springframework\spring-core\5.1.3.RELEASE\spring-core-5.1.3.RELEASE.jar;C:\Users\KARIM\.m2\repository\org\springframework\spring-jcl\5.1.3.RELEASE\spring-jcl-5.1.3.RELEASE.jar;C:\Users\KARIM\.m2\repository\org\springframework\spring-jdbc\5.1.3.RELEASE\spring-jdbc-5.1.3.RELEASE.jar;C:\Users\KARIM\.m2\repository\org\springframework\spring-tx\5.1.3.RELEASE\spring-tx-5.1.3.RELEASE.jar;C:\Users\KARIM\.m2\repository\org\apache\commons\commons-dbcp2\2.5.0\commons-dbcp2-2.5.0.jar;C:\Users\KARIM\.m2\repository\org\apache\commons\commons-pool2\2.6.0\commons-pool2-2.6.0.jar;C:\Users\KARIM\.m2\repository\commons-logging\commons-logging\1.2\commons-logging-1.2.jar;C:\Users\KARIM\.m2\repository\org\springframework\data\spring-data-jpa\2.1.3.RELEASE\spring-data-jpa-2.1.3.RELEASE.jar;C:\Users\KARIM\.m2\repository\org\springframework\data\spring-data-commons\2.1.3.RELEASE\spring-data-commons-2.1.3.RELEASE.jar;C:\Users\KARIM\.m2\repository\org\springframework\spring-context\5.1.3.RELEASE\spring-context-5.1.3.RELEASE.jar;C:\Users\KARIM\.m2\repository\org\springframework\spring-expression\5.1.3.RELEASE\spring-expression-5.1.3.RELEASE.jar;C:\Users\KARIM\.m2\repository\org\springframework\spring-aop\5.1.3.RELEASE\spring-aop-5.1.3.RELEASE.jar;C:\Users\KARIM\.m2\repository\org\aspectj\aspectjrt\1.9.1\aspectjrt-1.9.1.jar;C:\Users\KARIM\.m2\repository\org\slf4j\slf4j-api\1.7.25\slf4j-api-1.7.25.jar;C:\Users\KARIM\.m2\repository\com\fasterxml\jackson\core\jackson-annotations\2.15.2\jackson-annotations-2.15.2.jar;"/>
    <property name="sun.cpu.endian" value="little"/>
    <property name="user.home" value="C:\Users\KARIM"/>
    <property name="user.language" value="fr"/>
    <property name="java.specification.vendor" value="Oracle Corporation"/>
    <property name="java.version.date" value="2023-01-17"/>
    <property name="java.home" value="C:\Users\KARIM\.jdks\openjdk-19.0.2"/>
    <property name="file.separator" value="\"/>
    <property name="basedir" value="C:\AJC\modules\14- Projet -final\karim-dev\ecommerce-sport\ecommerce-core"/>
    <property name="java.vm.compressedOopsMode" value="32-bit"/>
    <property name="line.separator" value="&#10;"/>
    <property name="java.vm.specification.vendor" value="Oracle Corporation"/>
    <property name="java.specification.name" value="Java Platform API Specification"/>
    <property name="surefire.real.class.path" value="C:\Users\KARIM\AppData\Local\Temp\surefire13784490143130284134\surefirebooter-20250617140955541_3.jar"/>
    <property name="user.script" value=""/>
    <property name="sun.management.compiler" value="HotSpot 64-Bit Tiered Compilers"/>
    <property name="java.runtime.version" value="19.0.2+7-44"/>
    <property name="user.name" value="KARIM"/>
    <property name="stdout.encoding" value="Cp1252"/>
    <property name="path.separator" value=";"/>
    <property name="os.version" value="10.0"/>
    <property name="java.runtime.name" value="OpenJDK Runtime Environment"/>
    <property name="file.encoding" value="UTF-8"/>
    <property name="java.vm.name" value="OpenJDK 64-Bit Server VM"/>
    <property name="localRepository" value="C:\Users\KARIM\.m2\repository"/>
    <property name="java.vendor.url.bug" value="https://bugreport.java.com/bugreport/"/>
    <property name="java.io.tmpdir" value="C:\Users\KARIM\AppData\Local\Temp\"/>
    <property name="idea.version" value="2024.2.3"/>
    <property name="java.version" value="19.0.2"/>
    <property name="user.dir" value="C:\AJC\modules\14- Projet -final\karim-dev\ecommerce-sport\ecommerce-core"/>
    <property name="os.arch" value="amd64"/>
    <property name="java.vm.specification.name" value="Java Virtual Machine Specification"/>
    <property name="sun.os.patch.level" value=""/>
    <property name="native.encoding" value="Cp1252"/>
    <property name="java.library.path" value="C:\Users\KARIM\.jdks\openjdk-19.0.2\bin;C:\Windows\Sun\Java\bin;C:\Windows\system32;C:\Windows;C:\flutter\bin;C:\Python313\Scripts\;C:\Python313\;C:\AJC\installation\apache-maven-3.3.9-bin\apache-maven-3.3.9;C:\Python312\Scripts\;C:\Python312\;C:\Program Files\dotnet\;C:\Program Files\Common Files\Oracle\Java\javapath;C:\Program Files (x86)\Common Files\Oracle\Java\javapath;C:\Users\KARIM\AppData\Roaming\Python\Python311\Scripts;C:\Python311\Scripts\;C:\Python311\;C:\Program Files\apache-maven-3.9.*0\bin;C:\Windows\system32;C:\Windows;C:\Windows\System32\Wbem;C:\Windows\System32\WindowsPowerShell\v1.0\;C:\Windows\System32\OpenSSH\;C:\Program Files\Java\jdk1.8.0_202\bin;C:\Program Files\Java\jdk-17\bin;C:\Program Files\Java\jdk-18.0.2.1\bin;C:\Program Files\Java\jdk-19\bin;C:\Program Files\Java\jdk-18.0.2.1\bin;C:\Program Files\Kubernetes\Minikube;C:\ProgramData\chocolatey\bin;C:\composer;C:\Program Files\Git\cmd;C:\Program Files\Microsoft SQL Server\150\Tools\Binn\;C:\Program Files\Microsoft SQL Server\Client SDK\ODBC\170\Tools\Binn\;C:\Program Files\MySQL\MySQL Server 8.0\bin;C:\Program Files\Docker\Docker\resources\bin;C:\Program Files\Redis\;C:\Users\KARIM\AppData\Roaming\nvm;C:\Program Files\nodejs;C:\Program Files\Go\bin;C:\Users\KARIM\AppData\Roaming\Python\Python312\Scripts;C:\Users\KARIM\AppData\Roaming\Python\Python312\;C:\Program Files (x86)\MySQL\MySQL Fabric 1.5 &amp; MySQL Utilities 1.5\;C:\Program Files (x86)\MySQL\MySQL Fabric 1.5 &amp; MySQL Utilities 1.5\Doctrine extensions for PHP\;C:\Program Files\nodejs\;C:\flutter\bin;C:\Users\KARIM\scoop\shims;C:\Users\KARIM\go\bin;C:\Users\KARIM\AppData\Local\Microsoft\WindowsApps;C:\Users\KARIM\AppData\Local\Programs\Microsoft VS Code\bin;C:\Program Files\JetBrains\IntelliJ IDEA 2024.2.3\bin;C:\Program Files\PostgreSQL\15\bin;C:\Program Files\PostgreSQL\15\lib;C:\Program Files\Java\jdk-18.0.2.1\bin;C:\Program Files\Java\jdk1.8.0_202\bin;C:\Program Files\Java\jdk-17\bin;C:\Program Files\Java\jdk-19\bin;C:\Program Files\Java\jdk-21\bin;C:\xampp\php;C:\Users\KARIM\AppData\Roaming\Composer;C:\Users\KARIM\.symfony5\bin;C:\Users\KARIM\.symfony5\bin\symfony;C:\Users\KARIM\AppData\Roaming\Composer\vendor\bin;C:\Users\KARIM\.dotnet\tools;C:\Program Files\dotnet;C:\Users\KARIM\AppData\Roaming\nvm;C:\Program Files\nodejs;C:\Users\KARIM\AppData\Local\Coursier\data\bin;C:\Program Files\JetBrains\PyCharm 2024.3.5\bin;;C:\Users\KARIM\AppData\Local\Programs\cursor\resources\app\bin;C:\Users\KARIM\AppData\Roaming\npm;;."/>
    <property name="java.vm.info" value="mixed mode, sharing"/>
    <property name="stderr.encoding" value="Cp1252"/>
    <property name="java.vendor" value="Oracle Corporation"/>
    <property name="java.vm.version" value="19.0.2+7-44"/>
    <property name="sun.io.unicode.encoding" value="UnicodeLittle"/>
    <property name="java.class.version" value="63.0"/>
  </properties>
</testsuite>